Start testing: Jan 24 09:17 +0330
----------------------------------------------------------
1/3 Testing: FileTests
1/3 Test: FileTests
Command: "/home/aebov/bp-sudoku/build/tests/FileTests"
Directory: /home/aebov/bp-sudoku/build/tests
"FileTests" start time: Jan 24 09:17 +0330
Output:
----------------------------------------------------------
[==========] Running 1 test from 1 test suite.
[----------] Global test environment set-up.
[----------] 1 test from File
[ RUN      ] File.read_the_table
[       OK ] File.read_the_table (0 ms)
[----------] 1 test from File (0 ms total)

[----------] Global test environment tear-down
[==========] 1 test from 1 test suite ran. (0 ms total)
[  PASSED  ] 1 test.
<end of output>
Test time =   0.01 sec
----------------------------------------------------------
Test Passed.
"FileTests" end time: Jan 24 09:17 +0330
"FileTests" time elapsed: 00:00:00
----------------------------------------------------------

2/3 Testing: CoreTests
2/3 Test: CoreTests
Command: "/home/aebov/bp-sudoku/build/tests/CoreTests"
Directory: /home/aebov/bp-sudoku/build/tests
"CoreTests" start time: Jan 24 09:17 +0330
Output:
----------------------------------------------------------
[==========] Running 2 tests from 1 test suite.
[----------] Global test environment set-up.
[----------] 2 tests from Core_things
[ RUN      ] Core_things.is_validation_works
<end of output>
Test time =   0.22 sec
----------------------------------------------------------
Test Failed.
"CoreTests" end time: Jan 24 09:17 +0330
"CoreTests" time elapsed: 00:00:00
----------------------------------------------------------

3/3 Testing: UserTests
3/3 Test: UserTests
Command: "/home/aebov/bp-sudoku/build/tests/UserTests"
Directory: /home/aebov/bp-sudoku/build/tests
"UserTests" start time: Jan 24 09:17 +0330
Output:
----------------------------------------------------------
[==========] Running 2 tests from 1 test suite.
[----------] Global test environment set-up.
[----------] 2 tests from User
[ RUN      ] User.is_repeated
[       OK ] User.is_repeated (0 ms)
[ RUN      ] User.parser_works
/home/aebov/bp-sudoku/tests/UserTests.cpp:17: Failure
Expected equality of these values:
  ret.second
    Which is: ",aleik"
  "aleik"
[  FAILED  ] User.parser_works (0 ms)
[----------] 2 tests from User (0 ms total)

[----------] Global test environment tear-down
[==========] 2 tests from 1 test suite ran. (0 ms total)
[  PASSED  ] 1 test.
[  FAILED  ] 1 test, listed below:
[  FAILED  ] User.parser_works

 1 FAILED TEST
<end of output>
Test time =   0.00 sec
----------------------------------------------------------
Test Failed.
"UserTests" end time: Jan 24 09:17 +0330
"UserTests" time elapsed: 00:00:00
----------------------------------------------------------

End testing: Jan 24 09:17 +0330
