Start testing: Jan 26 08:28 +0330
----------------------------------------------------------
1/3 Testing: FileTests
1/3 Test: FileTests
Command: "/home/aebov/bp-sudoku/build/tests/FileTests"
Directory: /home/aebov/bp-sudoku/build/tests
"FileTests" start time: Jan 26 08:28 +0330
Output:
----------------------------------------------------------
[==========] Running 1 test from 1 test suite.
[----------] Global test environment set-up.
[----------] 1 test from File
[ RUN      ] File.read_the_table
[       OK ] File.read_the_table (0 ms)
[----------] 1 test from File (0 ms total)

[----------] Global test environment tear-down
[==========] 1 test from 1 test suite ran. (0 ms total)
[  PASSED  ] 1 test.
<end of output>
Test time =   0.01 sec
----------------------------------------------------------
Test Passed.
"FileTests" end time: Jan 26 08:28 +0330
"FileTests" time elapsed: 00:00:00
----------------------------------------------------------

2/3 Testing: CoreTests
2/3 Test: CoreTests
Command: "/home/aebov/bp-sudoku/build/tests/CoreTests"
Directory: /home/aebov/bp-sudoku/build/tests
"CoreTests" start time: Jan 26 08:28 +0330
Output:
----------------------------------------------------------
[==========] Running 3 tests from 1 test suite.
[----------] Global test environment set-up.
[----------] 3 tests from Core_things
[ RUN      ] Core_things.is_validation_works
[       OK ] Core_things.is_validation_works (0 ms)
[ RUN      ] Core_things.is_fixes_the_string_len
[       OK ] Core_things.is_fixes_the_string_len (0 ms)
[ RUN      ] Core_things.is_string_to_int_works
[       OK ] Core_things.is_string_to_int_works (0 ms)
[----------] 3 tests from Core_things (0 ms total)

[----------] Global test environment tear-down
[==========] 3 tests from 1 test suite ran. (0 ms total)
[  PASSED  ] 3 tests.
<end of output>
Test time =   0.00 sec
----------------------------------------------------------
Test Passed.
"CoreTests" end time: Jan 26 08:28 +0330
"CoreTests" time elapsed: 00:00:00
----------------------------------------------------------

3/3 Testing: UserTests
3/3 Test: UserTests
Command: "/home/aebov/bp-sudoku/build/tests/UserTests"
Directory: /home/aebov/bp-sudoku/build/tests
"UserTests" start time: Jan 26 08:28 +0330
Output:
----------------------------------------------------------
[==========] Running 2 tests from 1 test suite.
[----------] Global test environment set-up.
[----------] 2 tests from User
[ RUN      ] User.is_repeated
/home/aebov/bp-sudoku/tests/UserTests.cpp:10: Failure
Expected equality of these values:
  bl
    Which is: false
  1
[  FAILED  ] User.is_repeated (0 ms)
[ RUN      ] User.parser_works
[       OK ] User.parser_works (0 ms)
[----------] 2 tests from User (0 ms total)

[----------] Global test environment tear-down
[==========] 2 tests from 1 test suite ran. (0 ms total)
[  PASSED  ] 1 test.
[  FAILED  ] 1 test, listed below:
[  FAILED  ] User.is_repeated

 1 FAILED TEST
<end of output>
Test time =   0.00 sec
----------------------------------------------------------
Test Failed.
"UserTests" end time: Jan 26 08:28 +0330
"UserTests" time elapsed: 00:00:00
----------------------------------------------------------

End testing: Jan 26 08:28 +0330
