Start testing: Jan 22 18:38 +0330
----------------------------------------------------------
1/3 Testing: FileTests
1/3 Test: FileTests
Command: "/home/aebov/bp-sudoku/build/tests/FileTests"
Directory: /home/aebov/bp-sudoku/build/tests
"FileTests" start time: Jan 22 18:38 +0330
Output:
----------------------------------------------------------
Running main() from /root/.conan2/p/b/gtest9aa0b9294240b/b/src/googletest/src/gtest_main.cc
[==========] Running 0 tests from 0 test suites.
[==========] 0 tests from 0 test suites ran. (0 ms total)
[  PASSED  ] 0 tests.
<end of output>
Test time =   0.00 sec
----------------------------------------------------------
Test Passed.
"FileTests" end time: Jan 22 18:38 +0330
"FileTests" time elapsed: 00:00:00
----------------------------------------------------------

2/3 Testing: CoreTests
2/3 Test: CoreTests
Command: "/home/aebov/bp-sudoku/build/tests/CoreTests"
Directory: /home/aebov/bp-sudoku/build/tests
"CoreTests" start time: Jan 22 18:38 +0330
Output:
----------------------------------------------------------
[==========] Running 1 test from 1 test suite.
[----------] Global test environment set-up.
[----------] 1 test from Core_things
[ RUN      ] Core_things.is_validation_works
[       OK ] Core_things.is_validation_works (0 ms)
[----------] 1 test from Core_things (0 ms total)

[----------] Global test environment tear-down
[==========] 1 test from 1 test suite ran. (0 ms total)
[  PASSED  ] 1 test.
<end of output>
Test time =   0.00 sec
----------------------------------------------------------
Test Passed.
"CoreTests" end time: Jan 22 18:38 +0330
"CoreTests" time elapsed: 00:00:00
----------------------------------------------------------

3/3 Testing: UserTests
3/3 Test: UserTests
Command: "/home/aebov/bp-sudoku/build/tests/UserTests"
Directory: /home/aebov/bp-sudoku/build/tests
"UserTests" start time: Jan 22 18:38 +0330
Output:
----------------------------------------------------------
[==========] Running 1 test from 1 test suite.
[----------] Global test environment set-up.
[----------] 1 test from User
[ RUN      ] User.is_repeated
[       OK ] User.is_repeated (0 ms)
[----------] 1 test from User (0 ms total)

[----------] Global test environment tear-down
[==========] 1 test from 1 test suite ran. (0 ms total)
[  PASSED  ] 1 test.
<end of output>
Test time =   0.00 sec
----------------------------------------------------------
Test Passed.
"UserTests" end time: Jan 22 18:38 +0330
"UserTests" time elapsed: 00:00:00
----------------------------------------------------------

End testing: Jan 22 18:38 +0330
